{"C:\\Users\\HPZBOOK\\Desktop\\Projects\\eazytask\\eazytask-back-modular\\src\\app.js": {"path":"C:\\Users\\HPZBOOK\\Desktop\\Projects\\eazytask\\eazytask-back-modular\\src\\app.js","statementMap":{"0":{"start":{"line":1,"column":0},"end":{"line":1,"column":60}},"1":{"start":{"line":1,"column":34},"end":{"line":1,"column":60}},"2":{"start":{"line":2,"column":0},"end":{"line":2,"column":55}},"3":{"start":{"line":3,"column":0},"end":{"line":3,"column":32}},"4":{"start":{"line":5,"column":15},"end":{"line":5,"column":34}},"5":{"start":{"line":6,"column":0},"end":{"line":6,"column":52}},"6":{"start":{"line":6,"column":29},"end":{"line":6,"column":52}},"7":{"start":{"line":7,"column":0},"end":{"line":7,"column":60}},"8":{"start":{"line":9,"column":16},"end":{"line":9,"column":34}},"9":{"start":{"line":10,"column":20},"end":{"line":10,"column":42}},"10":{"start":{"line":11,"column":19},"end":{"line":11,"column":41}},"11":{"start":{"line":12,"column":15},"end":{"line":12,"column":39}},"12":{"start":{"line":13,"column":47},"end":{"line":13,"column":71}},"13":{"start":{"line":15,"column":17},"end":{"line":15,"column":42}},"14":{"start":{"line":16,"column":18},"end":{"line":16,"column":44}},"15":{"start":{"line":18,"column":12},"end":{"line":18,"column":21}},"16":{"start":{"line":20,"column":0},"end":{"line":20,"column":22}},"17":{"start":{"line":21,"column":0},"end":{"line":21,"column":50}},"18":{"start":{"line":22,"column":0},"end":{"line":22,"column":26}},"19":{"start":{"line":23,"column":0},"end":{"line":23,"column":15}},"20":{"start":{"line":24,"column":0},"end":{"line":24,"column":29}},"21":{"start":{"line":26,"column":0},"end":{"line":26,"column":27}},"22":{"start":{"line":27,"column":0},"end":{"line":27,"column":28}},"23":{"start":{"line":30,"column":0},"end":{"line":30,"column":49}},"24":{"start":{"line":30,"column":27},"end":{"line":30,"column":48}},"25":{"start":{"line":32,"column":0},"end":{"line":32,"column":21}},"26":{"start":{"line":34,"column":0},"end":{"line":37,"column":1}},"27":{"start":{"line":35,"column":17},"end":{"line":35,"column":41}},"28":{"start":{"line":36,"column":4},"end":{"line":36,"column":64}},"29":{"start":{"line":36,"column":26},"end":{"line":36,"column":63}},"30":{"start":{"line":39,"column":0},"end":{"line":39,"column":20}}},"fnMap":{"0":{"name":"(anonymous_0)","decl":{"start":{"line":30,"column":13},"end":{"line":30,"column":14}},"loc":{"start":{"line":30,"column":27},"end":{"line":30,"column":48}},"line":30},"1":{"name":"(anonymous_1)","decl":{"start":{"line":36,"column":20},"end":{"line":36,"column":21}},"loc":{"start":{"line":36,"column":26},"end":{"line":36,"column":63}},"line":36}},"branchMap":{"0":{"loc":{"start":{"line":1,"column":0},"end":{"line":1,"column":60}},"type":"if","locations":[{"start":{"line":1,"column":0},"end":{"line":1,"column":60}},{"start":{"line":1,"column":0},"end":{"line":1,"column":60}}],"line":1},"1":{"loc":{"start":{"line":6,"column":0},"end":{"line":6,"column":52}},"type":"if","locations":[{"start":{"line":6,"column":0},"end":{"line":6,"column":52}},{"start":{"line":6,"column":0},"end":{"line":6,"column":52}}],"line":6},"2":{"loc":{"start":{"line":34,"column":0},"end":{"line":37,"column":1}},"type":"if","locations":[{"start":{"line":34,"column":0},"end":{"line":37,"column":1}},{"start":{"line":34,"column":0},"end":{"line":37,"column":1}}],"line":34},"3":{"loc":{"start":{"line":35,"column":17},"end":{"line":35,"column":41}},"type":"binary-expr","locations":[{"start":{"line":35,"column":17},"end":{"line":35,"column":33}},{"start":{"line":35,"column":37},"end":{"line":35,"column":41}}],"line":35}},"s":{"0":1,"1":0,"2":1,"3":1,"4":1,"5":1,"6":1,"7":1,"8":1,"9":1,"10":1,"11":1,"12":1,"13":1,"14":1,"15":1,"16":1,"17":1,"18":1,"19":1,"20":1,"21":1,"22":1,"23":1,"24":0,"25":1,"26":1,"27":0,"28":0,"29":0,"30":1},"f":{"0":0,"1":0},"b":{"0":[0,1],"1":[1,0],"2":[0,1],"3":[0,0]},"_coverageSchema":"1a1c01bbd47fc00a2c39e90264f33305004495a9","hash":"b33fe0360b2f82a0a148403c226c79c7f0b13201"}
,"C:\\Users\\HPZBOOK\\Desktop\\Projects\\eazytask\\eazytask-back-modular\\src\\configs.js": {"path":"C:\\Users\\HPZBOOK\\Desktop\\Projects\\eazytask\\eazytask-back-modular\\src\\configs.js","statementMap":{"0":{"start":{"line":3,"column":0},"end":{"line":6,"column":1}}},"fnMap":{},"branchMap":{},"s":{"0":1},"f":{},"b":{},"_coverageSchema":"1a1c01bbd47fc00a2c39e90264f33305004495a9","hash":"a5e02cc2929e39f80ca16f718f0e678247ae137f"}
,"C:\\Users\\HPZBOOK\\Desktop\\Projects\\eazytask\\eazytask-back-modular\\src\\lib\\api-docs\\index.js": {"path":"C:\\Users\\HPZBOOK\\Desktop\\Projects\\eazytask\\eazytask-back-modular\\src\\lib\\api-docs\\index.js","statementMap":{"0":{"start":{"line":2,"column":16},"end":{"line":2,"column":34}},"1":{"start":{"line":3,"column":12},"end":{"line":3,"column":38}},"2":{"start":{"line":5,"column":18},"end":{"line":5,"column":47}},"3":{"start":{"line":6,"column":24},"end":{"line":6,"column":49}},"4":{"start":{"line":8,"column":0},"end":{"line":8,"column":68}}},"fnMap":{},"branchMap":{},"s":{"0":1,"1":1,"2":1,"3":1,"4":1},"f":{},"b":{},"_coverageSchema":"1a1c01bbd47fc00a2c39e90264f33305004495a9","hash":"bcadf7c359785e8690db95f39dcf9c29a063f7cb"}
,"C:\\Users\\HPZBOOK\\Desktop\\Projects\\eazytask\\eazytask-back-modular\\src\\lib\\users-api\\createUser.js": {"path":"C:\\Users\\HPZBOOK\\Desktop\\Projects\\eazytask\\eazytask-back-modular\\src\\lib\\users-api\\createUser.js","statementMap":{"0":{"start":{"line":2,"column":17},"end":{"line":2,"column":40}},"1":{"start":{"line":3,"column":15},"end":{"line":3,"column":32}},"2":{"start":{"line":4,"column":24},"end":{"line":4,"column":48}},"3":{"start":{"line":5,"column":25},"end":{"line":5,"column":53}},"4":{"start":{"line":7,"column":0},"end":{"line":20,"column":1}},"5":{"start":{"line":8,"column":4},"end":{"line":8,"column":69}},"6":{"start":{"line":8,"column":35},"end":{"line":8,"column":69}},"7":{"start":{"line":11,"column":25},"end":{"line":11,"column":70}},"8":{"start":{"line":12,"column":4},"end":{"line":17,"column":5}},"9":{"start":{"line":13,"column":8},"end":{"line":13,"column":94}},"10":{"start":{"line":15,"column":8},"end":{"line":15,"column":44}},"11":{"start":{"line":16,"column":8},"end":{"line":16,"column":152}},"12":{"start":{"line":16,"column":141},"end":{"line":16,"column":150}},"13":{"start":{"line":18,"column":4},"end":{"line":18,"column":36}},"14":{"start":{"line":19,"column":4},"end":{"line":19,"column":22}}},"fnMap":{"0":{"name":"(anonymous_0)","decl":{"start":{"line":7,"column":17},"end":{"line":7,"column":18}},"loc":{"start":{"line":7,"column":33},"end":{"line":20,"column":1}},"line":7},"1":{"name":"(anonymous_1)","decl":{"start":{"line":16,"column":136},"end":{"line":16,"column":137}},"loc":{"start":{"line":16,"column":141},"end":{"line":16,"column":150}},"line":16}},"branchMap":{"0":{"loc":{"start":{"line":8,"column":4},"end":{"line":8,"column":69}},"type":"if","locations":[{"start":{"line":8,"column":4},"end":{"line":8,"column":69}},{"start":{"line":8,"column":4},"end":{"line":8,"column":69}}],"line":8}},"s":{"0":1,"1":1,"2":1,"3":1,"4":1,"5":4,"6":4,"7":4,"8":2,"9":2,"10":1,"11":1,"12":1,"13":1,"14":1},"f":{"0":4,"1":1},"b":{"0":[4,0]},"_coverageSchema":"1a1c01bbd47fc00a2c39e90264f33305004495a9","hash":"7aa7eac81f39d289e7e5a09479f1deb44c5b0a95"}
,"C:\\Users\\HPZBOOK\\Desktop\\Projects\\eazytask\\eazytask-back-modular\\src\\lib\\users-api\\index.js": {"path":"C:\\Users\\HPZBOOK\\Desktop\\Projects\\eazytask\\eazytask-back-modular\\src\\lib\\users-api\\index.js","statementMap":{"0":{"start":{"line":2,"column":16},"end":{"line":2,"column":34}},"1":{"start":{"line":3,"column":12},"end":{"line":3,"column":38}},"2":{"start":{"line":5,"column":24},"end":{"line":5,"column":68}},"3":{"start":{"line":7,"column":23},"end":{"line":7,"column":47}},"4":{"start":{"line":8,"column":19},"end":{"line":8,"column":42}},"5":{"start":{"line":10,"column":0},"end":{"line":17,"column":2}},"6":{"start":{"line":11,"column":15},"end":{"line":11,"column":41}},"7":{"start":{"line":12,"column":4},"end":{"line":16,"column":6}}},"fnMap":{"0":{"name":"(anonymous_0)","decl":{"start":{"line":10,"column":48},"end":{"line":10,"column":49}},"loc":{"start":{"line":10,"column":67},"end":{"line":17,"column":1}},"line":10}},"branchMap":{},"s":{"0":1,"1":1,"2":1,"3":1,"4":1,"5":1,"6":4,"7":1},"f":{"0":4},"b":{},"_coverageSchema":"1a1c01bbd47fc00a2c39e90264f33305004495a9","hash":"3efa940edf7ce46067172cd82c7b8809d1cd86f1"}
,"C:\\Users\\HPZBOOK\\Desktop\\Projects\\eazytask\\eazytask-back-modular\\src\\lib\\users-api\\validations.js": {"path":"C:\\Users\\HPZBOOK\\Desktop\\Projects\\eazytask\\eazytask-back-modular\\src\\lib\\users-api\\validations.js","statementMap":{"0":{"start":{"line":1,"column":12},"end":{"line":1,"column":26}},"1":{"start":{"line":2,"column":21},"end":{"line":2,"column":55}},"2":{"start":{"line":4,"column":19},"end":{"line":11,"column":2}},"3":{"start":{"line":13,"column":0},"end":{"line":15,"column":1}}},"fnMap":{},"branchMap":{},"s":{"0":1,"1":1,"2":1,"3":1},"f":{},"b":{},"_coverageSchema":"1a1c01bbd47fc00a2c39e90264f33305004495a9","hash":"6bfe6f2a9ff15f9812c04409b88ba7f2a28f67a0"}
,"C:\\Users\\HPZBOOK\\Desktop\\Projects\\eazytask\\eazytask-back-modular\\src\\middlewares\\caseInsensitiveEmail.js": {"path":"C:\\Users\\HPZBOOK\\Desktop\\Projects\\eazytask\\eazytask-back-modular\\src\\middlewares\\caseInsensitiveEmail.js","statementMap":{"0":{"start":{"line":2,"column":0},"end":{"line":5,"column":1}},"1":{"start":{"line":3,"column":4},"end":{"line":3,"column":69}},"2":{"start":{"line":3,"column":24},"end":{"line":3,"column":69}},"3":{"start":{"line":4,"column":4},"end":{"line":4,"column":11}}},"fnMap":{"0":{"name":"(anonymous_0)","decl":{"start":{"line":2,"column":17},"end":{"line":2,"column":18}},"loc":{"start":{"line":2,"column":37},"end":{"line":5,"column":1}},"line":2}},"branchMap":{"0":{"loc":{"start":{"line":3,"column":4},"end":{"line":3,"column":69}},"type":"if","locations":[{"start":{"line":3,"column":4},"end":{"line":3,"column":69}},{"start":{"line":3,"column":4},"end":{"line":3,"column":69}}],"line":3}},"s":{"0":1,"1":4,"2":2,"3":4},"f":{"0":4},"b":{"0":[2,2]},"_coverageSchema":"1a1c01bbd47fc00a2c39e90264f33305004495a9","hash":"e1856944dc29cead26b0f82f31959b4693fb008a"}
,"C:\\Users\\HPZBOOK\\Desktop\\Projects\\eazytask\\eazytask-back-modular\\src\\middlewares\\errorHandler.js": {"path":"C:\\Users\\HPZBOOK\\Desktop\\Projects\\eazytask\\eazytask-back-modular\\src\\middlewares\\errorHandler.js","statementMap":{"0":{"start":{"line":2,"column":24},"end":{"line":2,"column":49}},"1":{"start":{"line":4,"column":0},"end":{"line":6,"column":1}},"2":{"start":{"line":5,"column":4},"end":{"line":5,"column":33}}},"fnMap":{"0":{"name":"(anonymous_0)","decl":{"start":{"line":4,"column":17},"end":{"line":4,"column":18}},"loc":{"start":{"line":4,"column":42},"end":{"line":6,"column":1}},"line":4}},"branchMap":{},"s":{"0":1,"1":1,"2":3},"f":{"0":3},"b":{},"_coverageSchema":"1a1c01bbd47fc00a2c39e90264f33305004495a9","hash":"46b47c20a87f0dd4c7a87b20060e50870d2e03b4"}
,"C:\\Users\\HPZBOOK\\Desktop\\Projects\\eazytask\\eazytask-back-modular\\src\\middlewares\\index.js": {"path":"C:\\Users\\HPZBOOK\\Desktop\\Projects\\eazytask\\eazytask-back-modular\\src\\middlewares\\index.js","statementMap":{"0":{"start":{"line":1,"column":21},"end":{"line":1,"column":46}},"1":{"start":{"line":2,"column":24},"end":{"line":2,"column":52}},"2":{"start":{"line":3,"column":29},"end":{"line":3,"column":62}},"3":{"start":{"line":5,"column":0},"end":{"line":9,"column":1}}},"fnMap":{},"branchMap":{},"s":{"0":1,"1":1,"2":1,"3":1},"f":{},"b":{},"_coverageSchema":"1a1c01bbd47fc00a2c39e90264f33305004495a9","hash":"6cb5fdfc2d8fdff44c1ee2a956557e49b30cd088"}
,"C:\\Users\\HPZBOOK\\Desktop\\Projects\\eazytask\\eazytask-back-modular\\src\\middlewares\\validateRequest.js": {"path":"C:\\Users\\HPZBOOK\\Desktop\\Projects\\eazytask\\eazytask-back-modular\\src\\middlewares\\validateRequest.js","statementMap":{"0":{"start":{"line":3,"column":0},"end":{"line":16,"column":1}},"1":{"start":{"line":4,"column":4},"end":{"line":15,"column":5}},"2":{"start":{"line":5,"column":8},"end":{"line":14,"column":29}},"3":{"start":{"line":9,"column":12},"end":{"line":13,"column":14}},"4":{"start":{"line":14,"column":22},"end":{"line":14,"column":28}}},"fnMap":{"0":{"name":"(anonymous_0)","decl":{"start":{"line":3,"column":17},"end":{"line":3,"column":18}},"loc":{"start":{"line":3,"column":30},"end":{"line":16,"column":1}},"line":3},"1":{"name":"(anonymous_1)","decl":{"start":{"line":4,"column":11},"end":{"line":4,"column":12}},"loc":{"start":{"line":4,"column":35},"end":{"line":15,"column":5}},"line":4},"2":{"name":"(anonymous_2)","decl":{"start":{"line":8,"column":37},"end":{"line":8,"column":38}},"loc":{"start":{"line":8,"column":44},"end":{"line":14,"column":9}},"line":8},"3":{"name":"(anonymous_3)","decl":{"start":{"line":14,"column":16},"end":{"line":14,"column":17}},"loc":{"start":{"line":14,"column":22},"end":{"line":14,"column":28}},"line":14}},"branchMap":{"0":{"loc":{"start":{"line":6,"column":25},"end":{"line":6,"column":65}},"type":"cond-expr","locations":[{"start":{"line":6,"column":41},"end":{"line":6,"column":54}},{"start":{"line":6,"column":57},"end":{"line":6,"column":65}}],"line":6}},"s":{"0":1,"1":1,"2":4,"3":2,"4":4},"f":{"0":1,"1":4,"2":2,"3":4},"b":{"0":[1,3]},"_coverageSchema":"1a1c01bbd47fc00a2c39e90264f33305004495a9","hash":"097bf1372b5c569ee7613240fe38cd90957d4ae1"}
,"C:\\Users\\HPZBOOK\\Desktop\\Projects\\eazytask\\eazytask-back-modular\\src\\models\\Answer.js": {"path":"C:\\Users\\HPZBOOK\\Desktop\\Projects\\eazytask\\eazytask-back-modular\\src\\models\\Answer.js","statementMap":{"0":{"start":{"line":3,"column":26},"end":{"line":3,"column":45}},"1":{"start":{"line":5,"column":0},"end":{"line":13,"column":1}},"2":{"start":{"line":6,"column":17},"end":{"line":8,"column":6}},"3":{"start":{"line":9,"column":4},"end":{"line":11,"column":5}},"4":{"start":{"line":10,"column":8},"end":{"line":10,"column":42}},"5":{"start":{"line":12,"column":4},"end":{"line":12,"column":18}}},"fnMap":{"0":{"name":"(anonymous_0)","decl":{"start":{"line":5,"column":17},"end":{"line":5,"column":18}},"loc":{"start":{"line":5,"column":43},"end":{"line":13,"column":1}},"line":5},"1":{"name":"(anonymous_1)","decl":{"start":{"line":9,"column":23},"end":{"line":9,"column":24}},"loc":{"start":{"line":9,"column":33},"end":{"line":11,"column":5}},"line":9}},"branchMap":{},"s":{"0":1,"1":1,"2":1,"3":1,"4":1,"5":1},"f":{"0":1,"1":1},"b":{},"_coverageSchema":"1a1c01bbd47fc00a2c39e90264f33305004495a9","hash":"cb9bf567962a4b7d5a24b20432222af340251c08"}
,"C:\\Users\\HPZBOOK\\Desktop\\Projects\\eazytask\\eazytask-back-modular\\src\\models\\Category.js": {"path":"C:\\Users\\HPZBOOK\\Desktop\\Projects\\eazytask\\eazytask-back-modular\\src\\models\\Category.js","statementMap":{"0":{"start":{"line":3,"column":32},"end":{"line":3,"column":51}},"1":{"start":{"line":5,"column":0},"end":{"line":10,"column":1}},"2":{"start":{"line":6,"column":19},"end":{"line":8,"column":6}},"3":{"start":{"line":9,"column":4},"end":{"line":9,"column":19}}},"fnMap":{"0":{"name":"(anonymous_0)","decl":{"start":{"line":5,"column":17},"end":{"line":5,"column":18}},"loc":{"start":{"line":5,"column":43},"end":{"line":10,"column":1}},"line":5}},"branchMap":{},"s":{"0":1,"1":1,"2":1,"3":1},"f":{"0":1},"b":{},"_coverageSchema":"1a1c01bbd47fc00a2c39e90264f33305004495a9","hash":"989902273c6b765f7aa287e1e5ea28277e112e25"}
,"C:\\Users\\HPZBOOK\\Desktop\\Projects\\eazytask\\eazytask-back-modular\\src\\models\\Language.js": {"path":"C:\\Users\\HPZBOOK\\Desktop\\Projects\\eazytask\\eazytask-back-modular\\src\\models\\Language.js","statementMap":{"0":{"start":{"line":3,"column":32},"end":{"line":3,"column":51}},"1":{"start":{"line":5,"column":0},"end":{"line":16,"column":1}},"2":{"start":{"line":6,"column":19},"end":{"line":8,"column":6}},"3":{"start":{"line":9,"column":4},"end":{"line":14,"column":5}},"4":{"start":{"line":10,"column":8},"end":{"line":13,"column":10}},"5":{"start":{"line":15,"column":4},"end":{"line":15,"column":19}}},"fnMap":{"0":{"name":"(anonymous_0)","decl":{"start":{"line":5,"column":17},"end":{"line":5,"column":18}},"loc":{"start":{"line":5,"column":43},"end":{"line":16,"column":1}},"line":5},"1":{"name":"(anonymous_1)","decl":{"start":{"line":9,"column":25},"end":{"line":9,"column":26}},"loc":{"start":{"line":9,"column":35},"end":{"line":14,"column":5}},"line":9}},"branchMap":{},"s":{"0":1,"1":1,"2":1,"3":1,"4":1,"5":1},"f":{"0":1,"1":1},"b":{},"_coverageSchema":"1a1c01bbd47fc00a2c39e90264f33305004495a9","hash":"7608142343072d5f3f152b2ee2e20016d431739c"}
,"C:\\Users\\HPZBOOK\\Desktop\\Projects\\eazytask\\eazytask-back-modular\\src\\models\\Offer.js": {"path":"C:\\Users\\HPZBOOK\\Desktop\\Projects\\eazytask\\eazytask-back-modular\\src\\models\\Offer.js","statementMap":{"0":{"start":{"line":3,"column":46},"end":{"line":3,"column":65}},"1":{"start":{"line":5,"column":0},"end":{"line":15,"column":1}},"2":{"start":{"line":6,"column":16},"end":{"line":13,"column":6}},"3":{"start":{"line":14,"column":4},"end":{"line":14,"column":17}}},"fnMap":{"0":{"name":"(anonymous_0)","decl":{"start":{"line":5,"column":17},"end":{"line":5,"column":18}},"loc":{"start":{"line":5,"column":43},"end":{"line":15,"column":1}},"line":5}},"branchMap":{},"s":{"0":1,"1":1,"2":1,"3":1},"f":{"0":1},"b":{},"_coverageSchema":"1a1c01bbd47fc00a2c39e90264f33305004495a9","hash":"3fd91edaef9c36f34c2b564e221c99efd17971d4"}
,"C:\\Users\\HPZBOOK\\Desktop\\Projects\\eazytask\\eazytask-back-modular\\src\\models\\Question.js": {"path":"C:\\Users\\HPZBOOK\\Desktop\\Projects\\eazytask\\eazytask-back-modular\\src\\models\\Question.js","statementMap":{"0":{"start":{"line":3,"column":26},"end":{"line":3,"column":45}},"1":{"start":{"line":5,"column":0},"end":{"line":13,"column":1}},"2":{"start":{"line":6,"column":19},"end":{"line":8,"column":6}},"3":{"start":{"line":9,"column":4},"end":{"line":11,"column":5}},"4":{"start":{"line":10,"column":8},"end":{"line":10,"column":40}},"5":{"start":{"line":12,"column":4},"end":{"line":12,"column":20}}},"fnMap":{"0":{"name":"(anonymous_0)","decl":{"start":{"line":5,"column":17},"end":{"line":5,"column":18}},"loc":{"start":{"line":5,"column":43},"end":{"line":13,"column":1}},"line":5},"1":{"name":"(anonymous_1)","decl":{"start":{"line":9,"column":25},"end":{"line":9,"column":26}},"loc":{"start":{"line":9,"column":35},"end":{"line":11,"column":5}},"line":9}},"branchMap":{},"s":{"0":1,"1":1,"2":1,"3":1,"4":1,"5":1},"f":{"0":1,"1":1},"b":{},"_coverageSchema":"1a1c01bbd47fc00a2c39e90264f33305004495a9","hash":"23a56765acbcecc96035e58e5a059681a3afd8dc"}
,"C:\\Users\\HPZBOOK\\Desktop\\Projects\\eazytask\\eazytask-back-modular\\src\\models\\Rating.js": {"path":"C:\\Users\\HPZBOOK\\Desktop\\Projects\\eazytask\\eazytask-back-modular\\src\\models\\Rating.js","statementMap":{"0":{"start":{"line":3,"column":20},"end":{"line":9,"column":2}},"1":{"start":{"line":3,"column":32},"end":{"line":9,"column":1}},"2":{"start":{"line":11,"column":0},"end":{"line":47,"column":1}},"3":{"start":{"line":12,"column":17},"end":{"line":23,"column":6}},"4":{"start":{"line":24,"column":4},"end":{"line":45,"column":5}},"5":{"start":{"line":25,"column":8},"end":{"line":34,"column":9}},"6":{"start":{"line":35,"column":8},"end":{"line":44,"column":9}},"7":{"start":{"line":46,"column":4},"end":{"line":46,"column":18}}},"fnMap":{"0":{"name":"(anonymous_0)","decl":{"start":{"line":3,"column":20},"end":{"line":3,"column":21}},"loc":{"start":{"line":3,"column":32},"end":{"line":9,"column":1}},"line":3},"1":{"name":"(anonymous_1)","decl":{"start":{"line":11,"column":17},"end":{"line":11,"column":18}},"loc":{"start":{"line":11,"column":43},"end":{"line":47,"column":1}},"line":11},"2":{"name":"(anonymous_2)","decl":{"start":{"line":24,"column":23},"end":{"line":24,"column":24}},"loc":{"start":{"line":24,"column":33},"end":{"line":45,"column":5}},"line":24}},"branchMap":{},"s":{"0":1,"1":5,"2":1,"3":1,"4":1,"5":1,"6":1,"7":1},"f":{"0":5,"1":1,"2":1},"b":{},"_coverageSchema":"1a1c01bbd47fc00a2c39e90264f33305004495a9","hash":"043c661181faad7d6692ba899ce763145941516b"}
,"C:\\Users\\HPZBOOK\\Desktop\\Projects\\eazytask\\eazytask-back-modular\\src\\models\\Skill.js": {"path":"C:\\Users\\HPZBOOK\\Desktop\\Projects\\eazytask\\eazytask-back-modular\\src\\models\\Skill.js","statementMap":{"0":{"start":{"line":3,"column":32},"end":{"line":3,"column":51}},"1":{"start":{"line":5,"column":0},"end":{"line":19,"column":1}},"2":{"start":{"line":6,"column":16},"end":{"line":8,"column":6}},"3":{"start":{"line":9,"column":4},"end":{"line":17,"column":5}},"4":{"start":{"line":10,"column":4},"end":{"line":16,"column":10}},"5":{"start":{"line":18,"column":4},"end":{"line":18,"column":17}}},"fnMap":{"0":{"name":"(anonymous_0)","decl":{"start":{"line":5,"column":17},"end":{"line":5,"column":18}},"loc":{"start":{"line":5,"column":43},"end":{"line":19,"column":1}},"line":5},"1":{"name":"(anonymous_1)","decl":{"start":{"line":9,"column":22},"end":{"line":9,"column":23}},"loc":{"start":{"line":9,"column":32},"end":{"line":17,"column":5}},"line":9}},"branchMap":{},"s":{"0":1,"1":1,"2":1,"3":1,"4":1,"5":1},"f":{"0":1,"1":1},"b":{},"_coverageSchema":"1a1c01bbd47fc00a2c39e90264f33305004495a9","hash":"d815cdacf4ff198f9488172b55da38536e9bbc6c"}
,"C:\\Users\\HPZBOOK\\Desktop\\Projects\\eazytask\\eazytask-back-modular\\src\\models\\Task.js": {"path":"C:\\Users\\HPZBOOK\\Desktop\\Projects\\eazytask\\eazytask-back-modular\\src\\models\\Task.js","statementMap":{"0":{"start":{"line":3,"column":46},"end":{"line":3,"column":65}},"1":{"start":{"line":5,"column":0},"end":{"line":30,"column":1}},"2":{"start":{"line":6,"column":15},"end":{"line":24,"column":6}},"3":{"start":{"line":25,"column":4},"end":{"line":28,"column":5}},"4":{"start":{"line":26,"column":8},"end":{"line":26,"column":35}},"5":{"start":{"line":27,"column":8},"end":{"line":27,"column":37}},"6":{"start":{"line":29,"column":4},"end":{"line":29,"column":16}}},"fnMap":{"0":{"name":"(anonymous_0)","decl":{"start":{"line":5,"column":17},"end":{"line":5,"column":18}},"loc":{"start":{"line":5,"column":43},"end":{"line":30,"column":1}},"line":5},"1":{"name":"(anonymous_1)","decl":{"start":{"line":25,"column":21},"end":{"line":25,"column":22}},"loc":{"start":{"line":25,"column":31},"end":{"line":28,"column":5}},"line":25}},"branchMap":{},"s":{"0":1,"1":1,"2":1,"3":1,"4":1,"5":1,"6":1},"f":{"0":1,"1":1},"b":{},"_coverageSchema":"1a1c01bbd47fc00a2c39e90264f33305004495a9","hash":"1b0674f26adf1cb1e3ca0ed55590a9f5af8c0743"}
,"C:\\Users\\HPZBOOK\\Desktop\\Projects\\eazytask\\eazytask-back-modular\\src\\models\\Tasker.js": {"path":"C:\\Users\\HPZBOOK\\Desktop\\Projects\\eazytask\\eazytask-back-modular\\src\\models\\Tasker.js","statementMap":{"0":{"start":{"line":3,"column":32},"end":{"line":3,"column":51}},"1":{"start":{"line":5,"column":0},"end":{"line":25,"column":1}},"2":{"start":{"line":6,"column":17},"end":{"line":8,"column":6}},"3":{"start":{"line":9,"column":4},"end":{"line":23,"column":5}},"4":{"start":{"line":10,"column":8},"end":{"line":10,"column":37}},"5":{"start":{"line":11,"column":8},"end":{"line":14,"column":10}},"6":{"start":{"line":15,"column":8},"end":{"line":15,"column":37}},"7":{"start":{"line":16,"column":8},"end":{"line":22,"column":10}},"8":{"start":{"line":24,"column":4},"end":{"line":24,"column":17}}},"fnMap":{"0":{"name":"(anonymous_0)","decl":{"start":{"line":5,"column":17},"end":{"line":5,"column":18}},"loc":{"start":{"line":5,"column":43},"end":{"line":25,"column":1}},"line":5},"1":{"name":"(anonymous_1)","decl":{"start":{"line":9,"column":23},"end":{"line":9,"column":24}},"loc":{"start":{"line":9,"column":33},"end":{"line":23,"column":5}},"line":9}},"branchMap":{},"s":{"0":1,"1":1,"2":1,"3":1,"4":1,"5":1,"6":1,"7":1,"8":1},"f":{"0":1,"1":1},"b":{},"_coverageSchema":"1a1c01bbd47fc00a2c39e90264f33305004495a9","hash":"00782bde00a95f2a5add1f3525486c2e13a029be"}
,"C:\\Users\\HPZBOOK\\Desktop\\Projects\\eazytask\\eazytask-back-modular\\src\\models\\Tasker_Language.js": {"path":"C:\\Users\\HPZBOOK\\Desktop\\Projects\\eazytask\\eazytask-back-modular\\src\\models\\Tasker_Language.js","statementMap":{"0":{"start":{"line":4,"column":0},"end":{"line":9,"column":1}},"1":{"start":{"line":5,"column":26},"end":{"line":7,"column":6}},"2":{"start":{"line":8,"column":4},"end":{"line":8,"column":27}}},"fnMap":{"0":{"name":"(anonymous_0)","decl":{"start":{"line":4,"column":17},"end":{"line":4,"column":18}},"loc":{"start":{"line":4,"column":43},"end":{"line":9,"column":1}},"line":4}},"branchMap":{},"s":{"0":1,"1":1,"2":1},"f":{"0":1},"b":{},"_coverageSchema":"1a1c01bbd47fc00a2c39e90264f33305004495a9","hash":"8bb44b61a3d54b0a2d592250291f1a575a562040"}
,"C:\\Users\\HPZBOOK\\Desktop\\Projects\\eazytask\\eazytask-back-modular\\src\\models\\Tasker_Skill.js": {"path":"C:\\Users\\HPZBOOK\\Desktop\\Projects\\eazytask\\eazytask-back-modular\\src\\models\\Tasker_Skill.js","statementMap":{"0":{"start":{"line":4,"column":0},"end":{"line":9,"column":1}},"1":{"start":{"line":5,"column":23},"end":{"line":7,"column":6}},"2":{"start":{"line":8,"column":4},"end":{"line":8,"column":24}}},"fnMap":{"0":{"name":"(anonymous_0)","decl":{"start":{"line":4,"column":17},"end":{"line":4,"column":18}},"loc":{"start":{"line":4,"column":43},"end":{"line":9,"column":1}},"line":4}},"branchMap":{},"s":{"0":1,"1":1,"2":1},"f":{"0":1},"b":{},"_coverageSchema":"1a1c01bbd47fc00a2c39e90264f33305004495a9","hash":"595cf98b96b4c506eae977055fcdf9fdda1afa36"}
,"C:\\Users\\HPZBOOK\\Desktop\\Projects\\eazytask\\eazytask-back-modular\\src\\models\\User.js": {"path":"C:\\Users\\HPZBOOK\\Desktop\\Projects\\eazytask\\eazytask-back-modular\\src\\models\\User.js","statementMap":{"0":{"start":{"line":3,"column":47},"end":{"line":3,"column":66}},"1":{"start":{"line":5,"column":0},"end":{"line":35,"column":2}},"2":{"start":{"line":6,"column":15},"end":{"line":27,"column":6}},"3":{"start":{"line":28,"column":4},"end":{"line":32,"column":5}},"4":{"start":{"line":29,"column":8},"end":{"line":29,"column":34}},"5":{"start":{"line":30,"column":8},"end":{"line":30,"column":34}},"6":{"start":{"line":31,"column":8},"end":{"line":31,"column":35}},"7":{"start":{"line":34,"column":4},"end":{"line":34,"column":16}}},"fnMap":{"0":{"name":"(anonymous_0)","decl":{"start":{"line":5,"column":17},"end":{"line":5,"column":18}},"loc":{"start":{"line":5,"column":43},"end":{"line":35,"column":1}},"line":5},"1":{"name":"(anonymous_1)","decl":{"start":{"line":28,"column":21},"end":{"line":28,"column":22}},"loc":{"start":{"line":28,"column":31},"end":{"line":32,"column":5}},"line":28}},"branchMap":{},"s":{"0":1,"1":1,"2":1,"3":1,"4":1,"5":1,"6":1,"7":1},"f":{"0":1,"1":1},"b":{},"_coverageSchema":"1a1c01bbd47fc00a2c39e90264f33305004495a9","hash":"ed4c6a90cd22df76659db6e8ed6f3eb22ba4f0db"}
,"C:\\Users\\HPZBOOK\\Desktop\\Projects\\eazytask\\eazytask-back-modular\\src\\models\\common.js": {"path":"C:\\Users\\HPZBOOK\\Desktop\\Projects\\eazytask\\eazytask-back-modular\\src\\models\\common.js","statementMap":{"0":{"start":{"line":2,"column":28},"end":{"line":6,"column":2}},"1":{"start":{"line":2,"column":43},"end":{"line":6,"column":1}},"2":{"start":{"line":8,"column":22},"end":{"line":11,"column":2}},"3":{"start":{"line":8,"column":37},"end":{"line":11,"column":1}},"4":{"start":{"line":13,"column":27},"end":{"line":17,"column":2}},"5":{"start":{"line":13,"column":40},"end":{"line":17,"column":1}},"6":{"start":{"line":19,"column":0},"end":{"line":23,"column":1}}},"fnMap":{"0":{"name":"(anonymous_0)","decl":{"start":{"line":2,"column":28},"end":{"line":2,"column":29}},"loc":{"start":{"line":2,"column":43},"end":{"line":6,"column":1}},"line":2},"1":{"name":"(anonymous_1)","decl":{"start":{"line":8,"column":22},"end":{"line":8,"column":23}},"loc":{"start":{"line":8,"column":37},"end":{"line":11,"column":1}},"line":8},"2":{"name":"(anonymous_2)","decl":{"start":{"line":13,"column":27},"end":{"line":13,"column":28}},"loc":{"start":{"line":13,"column":40},"end":{"line":17,"column":1}},"line":13}},"branchMap":{},"s":{"0":1,"1":6,"2":1,"3":9,"4":1,"5":2,"6":1},"f":{"0":6,"1":9,"2":2},"b":{},"_coverageSchema":"1a1c01bbd47fc00a2c39e90264f33305004495a9","hash":"03728559d9d2c3d019b050a3e53deaf5d1fa325f"}
,"C:\\Users\\HPZBOOK\\Desktop\\Projects\\eazytask\\eazytask-back-modular\\src\\models\\index.js": {"path":"C:\\Users\\HPZBOOK\\Desktop\\Projects\\eazytask\\eazytask-back-modular\\src\\models\\index.js","statementMap":{"0":{"start":{"line":3,"column":9},"end":{"line":3,"column":22}},"1":{"start":{"line":4,"column":11},"end":{"line":4,"column":26}},"2":{"start":{"line":5,"column":16},"end":{"line":5,"column":36}},"3":{"start":{"line":6,"column":15},"end":{"line":6,"column":40}},"4":{"start":{"line":11,"column":9},"end":{"line":11,"column":11}},"5":{"start":{"line":13,"column":18},"end":{"line":17,"column":2}},"6":{"start":{"line":19,"column":0},"end":{"line":21,"column":57}},"7":{"start":{"line":20,"column":16},"end":{"line":20,"column":44}},"8":{"start":{"line":21,"column":18},"end":{"line":21,"column":55}},"9":{"start":{"line":23,"column":0},"end":{"line":33,"column":7}},"10":{"start":{"line":26,"column":8},"end":{"line":26,"column":94}},"11":{"start":{"line":29,"column":8},"end":{"line":32,"column":9}},"12":{"start":{"line":30,"column":24},"end":{"line":30,"column":71}},"13":{"start":{"line":31,"column":12},"end":{"line":31,"column":35}},"14":{"start":{"line":35,"column":0},"end":{"line":39,"column":3}},"15":{"start":{"line":36,"column":4},"end":{"line":38,"column":5}},"16":{"start":{"line":37,"column":8},"end":{"line":37,"column":36}},"17":{"start":{"line":41,"column":0},"end":{"line":41,"column":25}},"18":{"start":{"line":42,"column":0},"end":{"line":42,"column":25}},"19":{"start":{"line":44,"column":0},"end":{"line":44,"column":20}}},"fnMap":{"0":{"name":"(anonymous_0)","decl":{"start":{"line":20,"column":10},"end":{"line":20,"column":11}},"loc":{"start":{"line":20,"column":16},"end":{"line":20,"column":44}},"line":20},"1":{"name":"(anonymous_1)","decl":{"start":{"line":21,"column":11},"end":{"line":21,"column":12}},"loc":{"start":{"line":21,"column":18},"end":{"line":21,"column":55}},"line":21},"2":{"name":"(anonymous_2)","decl":{"start":{"line":25,"column":12},"end":{"line":25,"column":13}},"loc":{"start":{"line":25,"column":20},"end":{"line":27,"column":5}},"line":25},"3":{"name":"(anonymous_3)","decl":{"start":{"line":28,"column":13},"end":{"line":28,"column":14}},"loc":{"start":{"line":28,"column":21},"end":{"line":33,"column":5}},"line":28},"4":{"name":"(anonymous_4)","decl":{"start":{"line":35,"column":24},"end":{"line":35,"column":25}},"loc":{"start":{"line":35,"column":37},"end":{"line":39,"column":1}},"line":35}},"branchMap":{"0":{"loc":{"start":{"line":26,"column":15},"end":{"line":26,"column":93}},"type":"binary-expr","locations":[{"start":{"line":26,"column":16},"end":{"line":26,"column":39}},{"start":{"line":26,"column":45},"end":{"line":26,"column":62}},{"start":{"line":26,"column":68},"end":{"line":26,"column":92}}],"line":26},"1":{"loc":{"start":{"line":29,"column":8},"end":{"line":32,"column":9}},"type":"if","locations":[{"start":{"line":29,"column":8},"end":{"line":32,"column":9}},{"start":{"line":29,"column":8},"end":{"line":32,"column":9}}],"line":29},"2":{"loc":{"start":{"line":36,"column":4},"end":{"line":38,"column":5}},"type":"if","locations":[{"start":{"line":36,"column":4},"end":{"line":38,"column":5}},{"start":{"line":36,"column":4},"end":{"line":38,"column":5}}],"line":36}},"s":{"0":1,"1":1,"2":1,"3":1,"4":1,"5":1,"6":1,"7":1,"8":0,"9":1,"10":14,"11":13,"12":12,"13":12,"14":1,"15":12,"16":8,"17":1,"18":1,"19":1},"f":{"0":1,"1":0,"2":14,"3":13,"4":12},"b":{"0":[14,14,13],"1":[12,1],"2":[8,4]},"_coverageSchema":"1a1c01bbd47fc00a2c39e90264f33305004495a9","hash":"8dad6f48931517feb7c060cfd4b14eee8181fed9"}
,"C:\\Users\\HPZBOOK\\Desktop\\Projects\\eazytask\\eazytask-back-modular\\src\\utils\\error.js": {"path":"C:\\Users\\HPZBOOK\\Desktop\\Projects\\eazytask\\eazytask-back-modular\\src\\utils\\error.js","statementMap":{"0":{"start":{"line":4,"column":8},"end":{"line":4,"column":16}},"1":{"start":{"line":5,"column":8},"end":{"line":5,"column":25}},"2":{"start":{"line":6,"column":8},"end":{"line":6,"column":31}},"3":{"start":{"line":7,"column":8},"end":{"line":7,"column":29}},"4":{"start":{"line":11,"column":20},"end":{"line":19,"column":1}},"5":{"start":{"line":12,"column":38},"end":{"line":12,"column":41}},"6":{"start":{"line":13,"column":4},"end":{"line":18,"column":7}},"7":{"start":{"line":21,"column":0},"end":{"line":24,"column":1}}},"fnMap":{"0":{"name":"(anonymous_0)","decl":{"start":{"line":3,"column":4},"end":{"line":3,"column":5}},"loc":{"start":{"line":3,"column":39},"end":{"line":8,"column":5}},"line":3},"1":{"name":"(anonymous_1)","decl":{"start":{"line":11,"column":20},"end":{"line":11,"column":21}},"loc":{"start":{"line":11,"column":34},"end":{"line":19,"column":1}},"line":11}},"branchMap":{"0":{"loc":{"start":{"line":13,"column":22},"end":{"line":13,"column":33}},"type":"binary-expr","locations":[{"start":{"line":13,"column":22},"end":{"line":13,"column":26}},{"start":{"line":13,"column":30},"end":{"line":13,"column":33}}],"line":13}},"s":{"0":1,"1":1,"2":1,"3":1,"4":1,"5":3,"6":3,"7":1},"f":{"0":1,"1":3},"b":{"0":[3,2]},"_coverageSchema":"1a1c01bbd47fc00a2c39e90264f33305004495a9","hash":"7b5efa845331b2482b2a790e2f3a36e6c15821c1"}
,"C:\\Users\\HPZBOOK\\Desktop\\Projects\\eazytask\\eazytask-back-modular\\src\\utils\\validations.js": {"path":"C:\\Users\\HPZBOOK\\Desktop\\Projects\\eazytask\\eazytask-back-modular\\src\\utils\\validations.js","statementMap":{"0":{"start":{"line":1,"column":12},"end":{"line":1,"column":26}},"1":{"start":{"line":3,"column":0},"end":{"line":7,"column":1}}},"fnMap":{},"branchMap":{},"s":{"0":1,"1":1},"f":{},"b":{},"_coverageSchema":"1a1c01bbd47fc00a2c39e90264f33305004495a9","hash":"12c9d61ab027ff8f2bc2d16bf6215600aa4b5a1b"}
}
