TN:
SF:src\app.js
FN:32,(anonymous_0)
FN:38,(anonymous_1)
FNF:2
FNH:0
FNDA:0,(anonymous_0)
FNDA:0,(anonymous_1)
DA:1,1
DA:2,1
DA:3,1
DA:5,1
DA:6,1
DA:7,1
DA:9,1
DA:10,1
DA:11,1
DA:12,1
DA:13,1
DA:15,1
DA:16,1
DA:17,1
DA:19,1
DA:21,1
DA:22,1
DA:23,1
DA:24,1
DA:25,1
DA:27,1
DA:28,1
DA:29,1
DA:32,1
DA:34,1
DA:36,1
DA:37,0
DA:38,0
DA:41,1
LF:29
LH:27
BRDA:1,0,0,0
BRDA:1,0,1,1
BRDA:6,1,0,1
BRDA:6,1,1,0
BRDA:36,2,0,0
BRDA:36,2,1,1
BRDA:37,3,0,0
BRDA:37,3,1,0
BRF:8
BRH:3
end_of_record
TN:
SF:src\configs.js
FNF:0
FNH:0
DA:3,1
LF:1
LH:1
BRF:0
BRH:0
end_of_record
TN:
SF:src\lib\api-docs\index.js
FNF:0
FNH:0
DA:2,1
DA:3,1
DA:5,1
DA:6,1
DA:8,1
LF:5
LH:5
BRF:0
BRH:0
end_of_record
TN:
SF:src\lib\auth-api\createToken.js
FN:4,(anonymous_0)
FNF:1
FNH:1
FNDA:1,(anonymous_0)
DA:1,1
DA:2,1
DA:4,1
DA:5,1
DA:8,1
LF:5
LH:5
BRF:0
BRH:0
end_of_record
TN:
SF:src\lib\auth-api\index.js
FN:9,(anonymous_0)
FNF:1
FNH:1
FNDA:4,(anonymous_0)
DA:1,1
DA:2,1
DA:4,1
DA:5,1
DA:6,1
DA:7,1
DA:9,1
DA:10,4
DA:11,1
DA:23,1
LF:10
LH:10
BRF:0
BRH:0
end_of_record
TN:
SF:src\lib\auth-api\validateCredentials.js
FN:11,(anonymous_0)
FNF:1
FNH:1
FNDA:4,(anonymous_0)
DA:2,1
DA:3,1
DA:5,1
DA:7,1
DA:11,1
DA:12,4
DA:13,3
DA:14,1
DA:15,1
DA:16,1
DA:17,1
DA:18,0
LF:12
LH:11
BRDA:13,0,0,2
BRDA:13,0,1,1
BRDA:17,1,0,1
BRDA:17,1,1,0
BRF:4
BRH:3
end_of_record
TN:
SF:src\lib\auth-api\validations.js
FNF:0
FNH:0
DA:1,1
DA:2,1
DA:4,1
DA:11,1
LF:4
LH:4
BRF:0
BRH:0
end_of_record
TN:
SF:src\lib\users-api\createUser.js
FN:7,(anonymous_0)
FN:15,(anonymous_1)
FNF:2
FNH:2
FNDA:4,(anonymous_0)
FNDA:1,(anonymous_1)
DA:2,1
DA:3,1
DA:4,1
DA:5,1
DA:7,1
DA:8,4
DA:11,4
DA:12,2
DA:13,2
DA:15,1
DA:16,1
DA:19,1
DA:20,1
LF:13
LH:13
BRDA:8,0,0,4
BRDA:8,0,1,0
BRDA:16,1,0,1
BRDA:16,1,1,0
BRF:4
BRH:2
end_of_record
TN:
SF:src\lib\users-api\index.js
FN:10,(anonymous_0)
FNF:1
FNH:1
FNDA:4,(anonymous_0)
DA:2,1
DA:3,1
DA:5,1
DA:7,1
DA:8,1
DA:10,1
DA:11,4
DA:12,1
LF:8
LH:8
BRF:0
BRH:0
end_of_record
TN:
SF:src\lib\users-api\validations.js
FNF:0
FNH:0
DA:1,1
DA:2,1
DA:4,1
DA:13,1
LF:4
LH:4
BRF:0
BRH:0
end_of_record
TN:
SF:src\middlewares\caseInsensitiveEmail.js
FN:2,(anonymous_0)
FNF:1
FNH:1
FNDA:8,(anonymous_0)
DA:2,1
DA:3,8
DA:4,8
LF:3
LH:3
BRDA:3,0,0,5
BRDA:3,0,1,3
BRF:2
BRH:2
end_of_record
TN:
SF:src\middlewares\errorHandler.js
FN:4,(anonymous_0)
FNF:1
FNH:1
FNDA:6,(anonymous_0)
DA:2,1
DA:4,1
DA:5,6
LF:3
LH:3
BRF:0
BRH:0
end_of_record
TN:
SF:src\middlewares\index.js
FNF:0
FNH:0
DA:1,1
DA:2,1
DA:3,1
DA:5,1
LF:4
LH:4
BRF:0
BRH:0
end_of_record
TN:
SF:src\middlewares\validateRequest.js
FN:3,(anonymous_0)
FN:4,(anonymous_1)
FN:8,(anonymous_2)
FN:14,(anonymous_3)
FNF:4
FNH:4
FNDA:2,(anonymous_0)
FNDA:8,(anonymous_1)
FNDA:4,(anonymous_2)
FNDA:8,(anonymous_3)
DA:3,1
DA:4,2
DA:5,8
DA:9,4
DA:14,8
LF:5
LH:5
BRDA:6,0,0,1
BRDA:6,0,1,7
BRF:2
BRH:2
end_of_record
TN:
SF:src\models\Answer.js
FN:5,(anonymous_0)
FN:9,(anonymous_1)
FNF:2
FNH:2
FNDA:1,(anonymous_0)
FNDA:1,(anonymous_1)
DA:3,1
DA:5,1
DA:6,1
DA:9,1
DA:10,1
DA:12,1
LF:6
LH:6
BRF:0
BRH:0
end_of_record
TN:
SF:src\models\Category.js
FN:5,(anonymous_0)
FNF:1
FNH:1
FNDA:1,(anonymous_0)
DA:3,1
DA:5,1
DA:6,1
DA:9,1
LF:4
LH:4
BRF:0
BRH:0
end_of_record
TN:
SF:src\models\Language.js
FN:5,(anonymous_0)
FN:9,(anonymous_1)
FNF:2
FNH:2
FNDA:1,(anonymous_0)
FNDA:1,(anonymous_1)
DA:3,1
DA:5,1
DA:6,1
DA:9,1
DA:10,1
DA:15,1
LF:6
LH:6
BRF:0
BRH:0
end_of_record
TN:
SF:src\models\Offer.js
FN:5,(anonymous_0)
FNF:1
FNH:1
FNDA:1,(anonymous_0)
DA:3,1
DA:5,1
DA:6,1
DA:14,1
LF:4
LH:4
BRF:0
BRH:0
end_of_record
TN:
SF:src\models\Question.js
FN:5,(anonymous_0)
FN:9,(anonymous_1)
FNF:2
FNH:2
FNDA:1,(anonymous_0)
FNDA:1,(anonymous_1)
DA:3,1
DA:5,1
DA:6,1
DA:9,1
DA:10,1
DA:12,1
LF:6
LH:6
BRF:0
BRH:0
end_of_record
TN:
SF:src\models\Rating.js
FN:3,(anonymous_0)
FN:11,(anonymous_1)
FN:24,(anonymous_2)
FNF:3
FNH:3
FNDA:5,(anonymous_0)
FNDA:1,(anonymous_1)
FNDA:1,(anonymous_2)
DA:3,5
DA:11,1
DA:12,1
DA:24,1
DA:25,1
DA:35,1
DA:46,1
LF:7
LH:7
BRF:0
BRH:0
end_of_record
TN:
SF:src\models\Skill.js
FN:5,(anonymous_0)
FN:9,(anonymous_1)
FNF:2
FNH:2
FNDA:1,(anonymous_0)
FNDA:1,(anonymous_1)
DA:3,1
DA:5,1
DA:6,1
DA:9,1
DA:10,1
DA:18,1
LF:6
LH:6
BRF:0
BRH:0
end_of_record
TN:
SF:src\models\Task.js
FN:5,(anonymous_0)
FN:25,(anonymous_1)
FNF:2
FNH:2
FNDA:1,(anonymous_0)
FNDA:1,(anonymous_1)
DA:3,1
DA:5,1
DA:6,1
DA:25,1
DA:26,1
DA:27,1
DA:29,1
LF:7
LH:7
BRF:0
BRH:0
end_of_record
TN:
SF:src\models\Tasker.js
FN:5,(anonymous_0)
FN:9,(anonymous_1)
FNF:2
FNH:2
FNDA:1,(anonymous_0)
FNDA:1,(anonymous_1)
DA:3,1
DA:5,1
DA:6,1
DA:9,1
DA:10,1
DA:11,1
DA:15,1
DA:16,1
DA:24,1
LF:9
LH:9
BRF:0
BRH:0
end_of_record
TN:
SF:src\models\Tasker_Language.js
FN:4,(anonymous_0)
FNF:1
FNH:1
FNDA:1,(anonymous_0)
DA:4,1
DA:5,1
DA:8,1
LF:3
LH:3
BRF:0
BRH:0
end_of_record
TN:
SF:src\models\Tasker_Skill.js
FN:4,(anonymous_0)
FNF:1
FNH:1
FNDA:1,(anonymous_0)
DA:4,1
DA:5,1
DA:8,1
LF:3
LH:3
BRF:0
BRH:0
end_of_record
TN:
SF:src\models\User.js
FN:5,(anonymous_0)
FN:28,(anonymous_1)
FNF:2
FNH:2
FNDA:1,(anonymous_0)
FNDA:1,(anonymous_1)
DA:3,1
DA:5,1
DA:6,1
DA:28,1
DA:29,1
DA:30,1
DA:31,1
DA:34,1
LF:8
LH:8
BRF:0
BRH:0
end_of_record
TN:
SF:src\models\common.js
FN:2,(anonymous_0)
FN:8,(anonymous_1)
FN:13,(anonymous_2)
FNF:3
FNH:3
FNDA:6,(anonymous_0)
FNDA:9,(anonymous_1)
FNDA:2,(anonymous_2)
DA:2,6
DA:8,9
DA:13,2
DA:19,1
LF:4
LH:4
BRF:0
BRH:0
end_of_record
TN:
SF:src\models\index.js
FN:27,(anonymous_0)
FN:28,(anonymous_1)
FN:32,(anonymous_2)
FN:35,(anonymous_3)
FN:42,(anonymous_4)
FNF:5
FNH:4
FNDA:1,(anonymous_0)
FNDA:0,(anonymous_1)
FNDA:14,(anonymous_2)
FNDA:13,(anonymous_3)
FNDA:12,(anonymous_4)
DA:3,1
DA:4,1
DA:5,1
DA:6,1
DA:11,1
DA:13,1
DA:14,0
DA:15,0
DA:16,0
DA:17,0
DA:19,1
DA:20,1
DA:26,1
DA:27,1
DA:28,0
DA:30,1
DA:33,14
DA:36,13
DA:37,12
DA:38,12
DA:42,1
DA:43,12
DA:44,8
DA:48,1
DA:49,1
DA:51,1
LF:26
LH:21
BRDA:13,0,0,0
BRDA:13,0,1,1
BRDA:33,1,0,14
BRDA:33,1,1,14
BRDA:33,1,2,13
BRDA:36,2,0,12
BRDA:36,2,1,1
BRDA:43,3,0,8
BRDA:43,3,1,4
BRF:9
BRH:8
end_of_record
TN:
SF:src\utils\error.js
FN:3,(anonymous_0)
FN:11,(anonymous_1)
FNF:2
FNH:2
FNDA:2,(anonymous_0)
FNDA:6,(anonymous_1)
DA:4,2
DA:5,2
DA:6,2
DA:7,2
DA:11,1
DA:12,6
DA:13,6
DA:21,1
LF:8
LH:8
BRDA:13,0,0,6
BRDA:13,0,1,3
BRF:2
BRH:2
end_of_record
TN:
SF:src\utils\validations.js
FNF:0
FNH:0
DA:1,1
DA:3,1
LF:2
LH:2
BRF:0
BRH:0
end_of_record
